  Game.cpp
  Offsets.cpp
  Menu.cpp
C:\Users\adobe\Desktop\Programming\Projects\CSGO-Trainer\Source\Graphics\Menu\Menu.cpp(91,76): warning C4305: 'argument': truncation from 'double' to 'float'
C:\Users\adobe\Desktop\Programming\Projects\CSGO-Trainer\Source\Graphics\Menu\Menu.cpp(92,69): warning C4305: 'argument': truncation from 'double' to 'float'
C:\Users\adobe\Desktop\Programming\Projects\CSGO-Trainer\Source\Graphics\Menu\Menu.cpp(93,76): warning C4305: 'argument': truncation from 'double' to 'float'
C:\Users\adobe\Desktop\Programming\Projects\CSGO-Trainer\Source\Graphics\Menu\Menu.cpp(99,76): warning C4305: 'argument': truncation from 'double' to 'float'
C:\Users\adobe\Desktop\Programming\Projects\CSGO-Trainer\Source\Graphics\Menu\Menu.cpp(100,69): warning C4305: 'argument': truncation from 'double' to 'float'
C:\Users\adobe\Desktop\Programming\Projects\CSGO-Trainer\Source\Graphics\Menu\Menu.cpp(101,76): warning C4305: 'argument': truncation from 'double' to 'float'
  Rendering.cpp
C:\Users\adobe\Desktop\Programming\Projects\CSGO-Trainer\Source\Graphics\Rendering\Rendering.cpp(139,17): warning C4244: '=': conversion from 'float' to 'int', possible loss of data
C:\Users\adobe\Desktop\Programming\Projects\CSGO-Trainer\Source\Graphics\Rendering\Rendering.cpp(142,51): warning C4244: 'argument': conversion from 'UINT32' to 'float', possible loss of data
C:\Users\adobe\Desktop\Programming\Projects\CSGO-Trainer\Source\Graphics\Rendering\Rendering.cpp(146,19): warning C4244: 'initializing': conversion from 'time_t' to 'int', possible loss of data
  Main.cpp
  Esp2D.cpp
C:\Users\adobe\Desktop\Programming\Projects\CSGO-Trainer\Source\Trainer\ESP 2D\Esp2D.cpp(37,75): warning C4305: 'argument': truncation from 'double' to 'float'
  Trainer.cpp
  Triggerbot.cpp
  Logging.cpp
  Math.cpp
  Memory.cpp
  Generating code
  Previous IPDB not found, fall back to full compilation.
  All 404 functions were compiled because no usable IPDB/IOBJ from previous compilation was found.
  Finished generating code
  CSGO-Trainer.vcxproj -> C:\Users\adobe\Desktop\Programming\Projects\CSGO-Trainer\Build\IPHLPAPI.dll
