c:\users\adobe\desktop\programming\projects\csgo-trainer\build\intermediates\vc143.pdb
c:\users\adobe\desktop\programming\projects\csgo-trainer\build\intermediates\memory.obj
c:\users\adobe\desktop\programming\projects\csgo-trainer\build\intermediates\math.obj
c:\users\adobe\desktop\programming\projects\csgo-trainer\build\intermediates\logging.obj
c:\users\adobe\desktop\programming\projects\csgo-trainer\build\intermediates\triggerbot.obj
c:\users\adobe\desktop\programming\projects\csgo-trainer\build\intermediates\trainer.obj
c:\users\adobe\desktop\programming\projects\csgo-trainer\build\intermediates\esp2d.obj
c:\users\adobe\desktop\programming\projects\csgo-trainer\build\intermediates\main.obj
c:\users\adobe\desktop\programming\projects\csgo-trainer\build\intermediates\rendering.obj
c:\users\adobe\desktop\programming\projects\csgo-trainer\build\intermediates\menu.obj
c:\users\adobe\desktop\programming\projects\csgo-trainer\build\intermediates\offsets.obj
c:\users\adobe\desktop\programming\projects\csgo-trainer\build\intermediates\game.obj
c:\users\adobe\desktop\programming\projects\csgo-trainer\build\csgo-trainer.exe
c:\users\adobe\desktop\programming\projects\csgo-trainer\build\intermediates\csgo-trainer.ipdb
c:\users\adobe\desktop\programming\projects\csgo-trainer\build\intermediates\csgo-trainer.iobj
c:\users\adobe\desktop\programming\projects\csgo-trainer\build\csgo-trainer.pdb
c:\users\adobe\desktop\programming\projects\csgo-trainer\build\intermediates\csgo-trainer.tlog\cl.command.1.tlog
c:\users\adobe\desktop\programming\projects\csgo-trainer\build\intermediates\csgo-trainer.tlog\cl.read.1.tlog
c:\users\adobe\desktop\programming\projects\csgo-trainer\build\intermediates\csgo-trainer.tlog\cl.write.1.tlog
c:\users\adobe\desktop\programming\projects\csgo-trainer\build\intermediates\csgo-trainer.tlog\link.command.1.tlog
c:\users\adobe\desktop\programming\projects\csgo-trainer\build\intermediates\csgo-trainer.tlog\link.read.1.tlog
c:\users\adobe\desktop\programming\projects\csgo-trainer\build\intermediates\csgo-trainer.tlog\link.write.1.tlog
