c:\users\adobe\desktop\files\programming\projects\csgo-trainer\build\intermediates\vc143.pdb
c:\users\adobe\desktop\files\programming\projects\csgo-trainer\build\intermediates\memory.obj
c:\users\adobe\desktop\files\programming\projects\csgo-trainer\build\intermediates\math.obj
c:\users\adobe\desktop\files\programming\projects\csgo-trainer\build\intermediates\triggerbot.obj
c:\users\adobe\desktop\files\programming\projects\csgo-trainer\build\intermediates\esp.obj
c:\users\adobe\desktop\files\programming\projects\csgo-trainer\build\intermediates\main.obj
c:\users\adobe\desktop\files\programming\projects\csgo-trainer\build\intermediates\rendering.obj
c:\users\adobe\desktop\files\programming\projects\csgo-trainer\build\intermediates\menu.obj
c:\users\adobe\desktop\files\programming\projects\csgo-trainer\build\intermediates\game.obj
c:\users\adobe\desktop\files\programming\projects\csgo-trainer\build\intermediates\imgui_widgets.obj
c:\users\adobe\desktop\files\programming\projects\csgo-trainer\build\intermediates\imgui_tables.obj
c:\users\adobe\desktop\files\programming\projects\csgo-trainer\build\intermediates\imgui_impl_win32.obj
c:\users\adobe\desktop\files\programming\projects\csgo-trainer\build\intermediates\imgui_impl_dx9.obj
c:\users\adobe\desktop\files\programming\projects\csgo-trainer\build\intermediates\imgui_draw.obj
c:\users\adobe\desktop\files\programming\projects\csgo-trainer\build\intermediates\imgui.obj
c:\users\adobe\desktop\files\programming\projects\csgo-trainer\build\iphlpapi.dll
c:\users\adobe\desktop\files\programming\projects\csgo-trainer\build\intermediates\iphlpapi.ipdb
c:\users\adobe\desktop\files\programming\projects\csgo-trainer\build\intermediates\iphlpapi.iobj
c:\users\adobe\desktop\files\programming\projects\csgo-trainer\build\iphlpapi.pdb
c:\users\adobe\desktop\files\programming\projects\csgo-trainer\build\intermediates\csgo-trainer.tlog\cl.command.1.tlog
c:\users\adobe\desktop\files\programming\projects\csgo-trainer\build\intermediates\csgo-trainer.tlog\cl.read.1.tlog
c:\users\adobe\desktop\files\programming\projects\csgo-trainer\build\intermediates\csgo-trainer.tlog\cl.write.1.tlog
c:\users\adobe\desktop\files\programming\projects\csgo-trainer\build\intermediates\csgo-trainer.tlog\link.command.1.tlog
c:\users\adobe\desktop\files\programming\projects\csgo-trainer\build\intermediates\csgo-trainer.tlog\link.read.1.tlog
c:\users\adobe\desktop\files\programming\projects\csgo-trainer\build\intermediates\csgo-trainer.tlog\link.write.1.tlog
